<?xml version="1.0" encoding="UTF-8"?>
<!-- Generated by org.testng.reporters.JUnitXMLReporter -->
<testsuite hostname="DESKTOP-H7NF6N5" ignored="0" name="Parallel" tests="3" failures="0" timestamp="22 Feb 2019 13:46:12 GMT" time="31.664" errors="0">
  <testcase name="setup_1" time="10.927" classname="First_TestNG.Parallel_Execution_Session"/>
  <testcase name="setup_2" time="7.402" classname="First_TestNG.Parallel_Execution_Session"/>
  <testcase name="setup_3" time="13.297" classname="First_TestNG.Parallel_Execution_Session"/>
</testsuite> <!-- Parallel -->
