<?xml version="1.0" encoding="UTF-8"?>
<!-- Generated by org.testng.reporters.JUnitXMLReporter -->
<testsuite hostname="DESKTOP-H7NF6N5" ignored="0" name="TestNG_Listner_Suit" tests="2" failures="1" timestamp="23 Feb 2019 11:38:33 GMT" time="0.069" errors="0">
  <testcase name="test_1" time="0.034" classname="First_TestNG.Listner_Test_Demo"/>
  <testcase name="test_2" time="0.003" classname="First_TestNG.Listner_Test_Demo">
    <failure type="java.lang.AssertionError" message="expected [1] but found [2]">
      <![CDATA[java.lang.AssertionError: expected [1] but found [2]
at First_TestNG.Listner_Test_Demo.test_2(Listner_Test_Demo.java:24)
... Removed 31 stack frames]]>
    </failure>
  </testcase> <!-- test_2 -->
</testsuite> <!-- TestNG_Listner_Suit -->
