<?xml version="1.0" encoding="UTF-8"?>
<!-- Generated by org.testng.reporters.JUnitXMLReporter -->
<testsuite hostname="DESKTOP-H7NF6N5" name="Test" tests="4" failures="0" timestamp="23 Apr 2019 17:47:26 GMT" time="0.065" errors="0">
  <testcase name="m1" time="0.019" classname="First_TestNG.Minimizing_Browser"/>
  <testcase name="m2" time="0.0" classname="First_TestNG.Minimizing_Browser"/>
  <testcase name="m3" time="0.0" classname="First_TestNG.Minimizing_Browser"/>
  <testcase name="m4" time="0.014" classname="First_TestNG.Minimizing_Browser"/>
</testsuite> <!-- Test -->
